c:\users\plus\desktop\bincat\cgassn1\x64\release\vc141.pdb
c:\users\plus\desktop\bincat\cgassn1\x64\release\wall.obj
c:\users\plus\desktop\bincat\cgassn1\x64\release\util.obj
c:\users\plus\desktop\bincat\cgassn1\x64\release\shaderutil.obj
c:\users\plus\desktop\bincat\cgassn1\x64\release\player.obj
c:\users\plus\desktop\bincat\cgassn1\x64\release\mesh.obj
c:\users\plus\desktop\bincat\cgassn1\x64\release\map.obj
c:\users\plus\desktop\bincat\cgassn1\x64\release\main.obj
c:\users\plus\desktop\bincat\cgassn1\x64\release\gun.obj
c:\users\plus\desktop\bincat\cgassn1\x64\release\enemy.obj
c:\users\plus\desktop\bincat\cgassn1\x64\release\camera.obj
c:\users\plus\desktop\bincat\cgassn1\x64\release\bullet.obj
c:\users\plus\desktop\bincat\cgassn1\x64\release\texture.obj
c:\users\plus\desktop\bincat\cgassn1\x64\release\cgassn1.exe
c:\users\plus\desktop\bincat\cgassn1\x64\release\cgassn1.ilk
c:\users\plus\desktop\bincat\cgassn1\x64\release\cgassn1.pdb
c:\users\plus\desktop\bincat\cgassn1\x64\release\cgassn1.tlog\cl.command.1.tlog
c:\users\plus\desktop\bincat\cgassn1\x64\release\cgassn1.tlog\cl.read.1.tlog
c:\users\plus\desktop\bincat\cgassn1\x64\release\cgassn1.tlog\cl.write.1.tlog
c:\users\plus\desktop\bincat\cgassn1\x64\release\cgassn1.tlog\link.command.1.tlog
c:\users\plus\desktop\bincat\cgassn1\x64\release\cgassn1.tlog\link.read.1.tlog
c:\users\plus\desktop\bincat\cgassn1\x64\release\cgassn1.tlog\link.write.1.tlog
