c:\users\plus\desktop\dahun_cg\cgassn1\debug\vc141.pdb
c:\users\plus\desktop\dahun_cg\cgassn1\debug\weapon.obj
c:\users\plus\desktop\dahun_cg\cgassn1\debug\wall.obj
c:\users\plus\desktop\dahun_cg\cgassn1\debug\util.obj
c:\users\plus\desktop\dahun_cg\cgassn1\debug\player.obj
c:\users\plus\desktop\dahun_cg\cgassn1\debug\map.obj
c:\users\plus\desktop\dahun_cg\cgassn1\debug\main.obj
c:\users\plus\desktop\dahun_cg\cgassn1\debug\item.obj
c:\users\plus\desktop\dahun_cg\cgassn1\debug\game.obj
c:\users\plus\desktop\dahun_cg\cgassn1\debug\enemy.obj
c:\users\plus\desktop\dahun_cg\cgassn1\debug\emptyspace.obj
c:\users\plus\desktop\dahun_cg\cgassn1\debug\bmploader.obj
c:\users\plus\desktop\dahun_cg\cgassn1\debug\cgassn1.exe
c:\users\plus\desktop\dahun_cg\cgassn1\debug\cgassn1.ilk
c:\users\plus\desktop\dahun_cg\cgassn1\debug\cgassn1.pdb
c:\users\plus\desktop\dahun_cg\cgassn1\debug\cgassn1.tlog\cl.command.1.tlog
c:\users\plus\desktop\dahun_cg\cgassn1\debug\cgassn1.tlog\cl.read.1.tlog
c:\users\plus\desktop\dahun_cg\cgassn1\debug\cgassn1.tlog\cl.write.1.tlog
c:\users\plus\desktop\dahun_cg\cgassn1\debug\cgassn1.tlog\link.command.1.tlog
c:\users\plus\desktop\dahun_cg\cgassn1\debug\cgassn1.tlog\link.read.1.tlog
c:\users\plus\desktop\dahun_cg\cgassn1\debug\cgassn1.tlog\link.write.1.tlog
