c:\users\wonjong\workspace\newassn\cgassn1\x64\debug\vc141.pdb
c:\users\wonjong\workspace\newassn\cgassn1\x64\debug\vc141.idb
c:\users\wonjong\workspace\newassn\cgassn1\x64\debug\weapon.obj
c:\users\wonjong\workspace\newassn\cgassn1\x64\debug\wall.obj
c:\users\wonjong\workspace\newassn\cgassn1\x64\debug\vertexbuffer.obj
c:\users\wonjong\workspace\newassn\cgassn1\x64\debug\util.obj
c:\users\wonjong\workspace\newassn\cgassn1\x64\debug\shaderutil.obj
c:\users\wonjong\workspace\newassn\cgassn1\x64\debug\renderer.obj
c:\users\wonjong\workspace\newassn\cgassn1\x64\debug\player.obj
c:\users\wonjong\workspace\newassn\cgassn1\x64\debug\objloader.obj
c:\users\wonjong\workspace\newassn\cgassn1\x64\debug\msg.obj
c:\users\wonjong\workspace\newassn\cgassn1\x64\debug\modelparser.obj
c:\users\wonjong\workspace\newassn\cgassn1\x64\debug\mesh.obj
c:\users\wonjong\workspace\newassn\cgassn1\x64\debug\map.obj
c:\users\wonjong\workspace\newassn\cgassn1\x64\debug\main.obj
c:\users\wonjong\workspace\newassn\cgassn1\x64\debug\loader.obj
c:\users\wonjong\workspace\newassn\cgassn1\x64\debug\item.obj
c:\users\wonjong\workspace\newassn\cgassn1\x64\debug\indexbuffer.obj
c:\users\wonjong\workspace\newassn\cgassn1\x64\debug\game.obj
c:\users\wonjong\workspace\newassn\cgassn1\x64\debug\enemy.obj
c:\users\wonjong\workspace\newassn\cgassn1\x64\debug\emptyspace.obj
c:\users\wonjong\workspace\newassn\cgassn1\x64\debug\bmploader.obj
c:\users\wonjong\workspace\newassn\cgassn1\x64\debug\camera.obj
c:\users\wonjong\workspace\newassn\cgassn1\x64\debug\cgassn1.exe
c:\users\wonjong\workspace\newassn\cgassn1\x64\debug\cgassn1.ilk
c:\users\wonjong\workspace\newassn\cgassn1\x64\debug\cgassn1.pdb
c:\users\wonjong\workspace\newassn\cgassn1\x64\debug\cgassn1.tlog\cl.command.1.tlog
c:\users\wonjong\workspace\newassn\cgassn1\x64\debug\cgassn1.tlog\cl.read.1.tlog
c:\users\wonjong\workspace\newassn\cgassn1\x64\debug\cgassn1.tlog\cl.write.1.tlog
c:\users\wonjong\workspace\newassn\cgassn1\x64\debug\cgassn1.tlog\link.command.1.tlog
c:\users\wonjong\workspace\newassn\cgassn1\x64\debug\cgassn1.tlog\link.read.1.tlog
c:\users\wonjong\workspace\newassn\cgassn1\x64\debug\cgassn1.tlog\link.write.1.tlog
