  IndexBuffer.cpp
c:\users\plus\downloads\assimp-3.1.1-win-binaries\include\assimp\defs.h : warning C4819: 현재 코드 페이지(949)에서 표시할 수 없는 문자가 파일에 들어 있습니다. 데이터가 손실되지 않게 하려면 해당 파일을 유니코드 형식으로 저장하십시오.
c:\users\plus\downloads\assimp-3.1.1-win-binaries\include\assimp\matrix3x3.h : warning C4819: 현재 코드 페이지(949)에서 표시할 수 없는 문자가 파일에 들어 있습니다. 데이터가 손실되지 않게 하려면 해당 파일을 유니코드 형식으로 저장하십시오.
c:\users\plus\downloads\assimp-3.1.1-win-binaries\include\assimp\matrix4x4.h : warning C4819: 현재 코드 페이지(949)에서 표시할 수 없는 문자가 파일에 들어 있습니다. 데이터가 손실되지 않게 하려면 해당 파일을 유니코드 형식으로 저장하십시오.
c:\users\plus\downloads\assimp-3.1.1-win-binaries\include\assimp\matrix3x3.inl : warning C4819: 현재 코드 페이지(949)에서 표시할 수 없는 문자가 파일에 들어 있습니다. 데이터가 손실되지 않게 하려면 해당 파일을 유니코드 형식으로 저장하십시오.
c:\users\plus\downloads\assimp-3.1.1-win-binaries\include\assimp\matrix4x4.inl : warning C4819: 현재 코드 페이지(949)에서 표시할 수 없는 문자가 파일에 들어 있습니다. 데이터가 손실되지 않게 하려면 해당 파일을 유니코드 형식으로 저장하십시오.
  VertexBuffer.cpp
c:\users\plus\downloads\assimp-3.1.1-win-binaries\include\assimp\defs.h : warning C4819: 현재 코드 페이지(949)에서 표시할 수 없는 문자가 파일에 들어 있습니다. 데이터가 손실되지 않게 하려면 해당 파일을 유니코드 형식으로 저장하십시오.
c:\users\plus\downloads\assimp-3.1.1-win-binaries\include\assimp\matrix3x3.h : warning C4819: 현재 코드 페이지(949)에서 표시할 수 없는 문자가 파일에 들어 있습니다. 데이터가 손실되지 않게 하려면 해당 파일을 유니코드 형식으로 저장하십시오.
c:\users\plus\downloads\assimp-3.1.1-win-binaries\include\assimp\matrix4x4.h : warning C4819: 현재 코드 페이지(949)에서 표시할 수 없는 문자가 파일에 들어 있습니다. 데이터가 손실되지 않게 하려면 해당 파일을 유니코드 형식으로 저장하십시오.
c:\users\plus\downloads\assimp-3.1.1-win-binaries\include\assimp\matrix3x3.inl : warning C4819: 현재 코드 페이지(949)에서 표시할 수 없는 문자가 파일에 들어 있습니다. 데이터가 손실되지 않게 하려면 해당 파일을 유니코드 형식으로 저장하십시오.
c:\users\plus\downloads\assimp-3.1.1-win-binaries\include\assimp\matrix4x4.inl : warning C4819: 현재 코드 페이지(949)에서 표시할 수 없는 문자가 파일에 들어 있습니다. 데이터가 손실되지 않게 하려면 해당 파일을 유니코드 형식으로 저장하십시오.
  camera.cpp
c:\users\plus\downloads\assimp-3.1.1-win-binaries\include\assimp\defs.h : warning C4819: 현재 코드 페이지(949)에서 표시할 수 없는 문자가 파일에 들어 있습니다. 데이터가 손실되지 않게 하려면 해당 파일을 유니코드 형식으로 저장하십시오.
c:\users\plus\downloads\assimp-3.1.1-win-binaries\include\assimp\matrix3x3.h : warning C4819: 현재 코드 페이지(949)에서 표시할 수 없는 문자가 파일에 들어 있습니다. 데이터가 손실되지 않게 하려면 해당 파일을 유니코드 형식으로 저장하십시오.
c:\users\plus\downloads\assimp-3.1.1-win-binaries\include\assimp\matrix4x4.h : warning C4819: 현재 코드 페이지(949)에서 표시할 수 없는 문자가 파일에 들어 있습니다. 데이터가 손실되지 않게 하려면 해당 파일을 유니코드 형식으로 저장하십시오.
c:\users\plus\downloads\assimp-3.1.1-win-binaries\include\assimp\matrix3x3.inl : warning C4819: 현재 코드 페이지(949)에서 표시할 수 없는 문자가 파일에 들어 있습니다. 데이터가 손실되지 않게 하려면 해당 파일을 유니코드 형식으로 저장하십시오.
c:\users\plus\downloads\assimp-3.1.1-win-binaries\include\assimp\matrix4x4.inl : warning C4819: 현재 코드 페이지(949)에서 표시할 수 없는 문자가 파일에 들어 있습니다. 데이터가 손실되지 않게 하려면 해당 파일을 유니코드 형식으로 저장하십시오.
  enemy.cpp
c:\users\plus\downloads\assimp-3.1.1-win-binaries\include\assimp\defs.h : warning C4819: 현재 코드 페이지(949)에서 표시할 수 없는 문자가 파일에 들어 있습니다. 데이터가 손실되지 않게 하려면 해당 파일을 유니코드 형식으로 저장하십시오.
c:\users\plus\downloads\assimp-3.1.1-win-binaries\include\assimp\matrix3x3.h : warning C4819: 현재 코드 페이지(949)에서 표시할 수 없는 문자가 파일에 들어 있습니다. 데이터가 손실되지 않게 하려면 해당 파일을 유니코드 형식으로 저장하십시오.
c:\users\plus\downloads\assimp-3.1.1-win-binaries\include\assimp\matrix4x4.h : warning C4819: 현재 코드 페이지(949)에서 표시할 수 없는 문자가 파일에 들어 있습니다. 데이터가 손실되지 않게 하려면 해당 파일을 유니코드 형식으로 저장하십시오.
c:\users\plus\downloads\assimp-3.1.1-win-binaries\include\assimp\matrix3x3.inl : warning C4819: 현재 코드 페이지(949)에서 표시할 수 없는 문자가 파일에 들어 있습니다. 데이터가 손실되지 않게 하려면 해당 파일을 유니코드 형식으로 저장하십시오.
c:\users\plus\downloads\assimp-3.1.1-win-binaries\include\assimp\matrix4x4.inl : warning C4819: 현재 코드 페이지(949)에서 표시할 수 없는 문자가 파일에 들어 있습니다. 데이터가 손실되지 않게 하려면 해당 파일을 유니코드 형식으로 저장하십시오.
  gun.cpp
c:\users\plus\downloads\assimp-3.1.1-win-binaries\include\assimp\defs.h : warning C4819: 현재 코드 페이지(949)에서 표시할 수 없는 문자가 파일에 들어 있습니다. 데이터가 손실되지 않게 하려면 해당 파일을 유니코드 형식으로 저장하십시오.
c:\users\plus\downloads\assimp-3.1.1-win-binaries\include\assimp\matrix3x3.h : warning C4819: 현재 코드 페이지(949)에서 표시할 수 없는 문자가 파일에 들어 있습니다. 데이터가 손실되지 않게 하려면 해당 파일을 유니코드 형식으로 저장하십시오.
c:\users\plus\downloads\assimp-3.1.1-win-binaries\include\assimp\matrix4x4.h : warning C4819: 현재 코드 페이지(949)에서 표시할 수 없는 문자가 파일에 들어 있습니다. 데이터가 손실되지 않게 하려면 해당 파일을 유니코드 형식으로 저장하십시오.
c:\users\plus\downloads\assimp-3.1.1-win-binaries\include\assimp\matrix3x3.inl : warning C4819: 현재 코드 페이지(949)에서 표시할 수 없는 문자가 파일에 들어 있습니다. 데이터가 손실되지 않게 하려면 해당 파일을 유니코드 형식으로 저장하십시오.
c:\users\plus\downloads\assimp-3.1.1-win-binaries\include\assimp\matrix4x4.inl : warning C4819: 현재 코드 페이지(949)에서 표시할 수 없는 문자가 파일에 들어 있습니다. 데이터가 손실되지 않게 하려면 해당 파일을 유니코드 형식으로 저장하십시오.
  main.cpp
c:\users\plus\downloads\assimp-3.1.1-win-binaries\include\assimp\defs.h : warning C4819: 현재 코드 페이지(949)에서 표시할 수 없는 문자가 파일에 들어 있습니다. 데이터가 손실되지 않게 하려면 해당 파일을 유니코드 형식으로 저장하십시오.
c:\users\plus\downloads\assimp-3.1.1-win-binaries\include\assimp\matrix3x3.h : warning C4819: 현재 코드 페이지(949)에서 표시할 수 없는 문자가 파일에 들어 있습니다. 데이터가 손실되지 않게 하려면 해당 파일을 유니코드 형식으로 저장하십시오.
c:\users\plus\downloads\assimp-3.1.1-win-binaries\include\assimp\matrix4x4.h : warning C4819: 현재 코드 페이지(949)에서 표시할 수 없는 문자가 파일에 들어 있습니다. 데이터가 손실되지 않게 하려면 해당 파일을 유니코드 형식으로 저장하십시오.
c:\users\plus\downloads\assimp-3.1.1-win-binaries\include\assimp\matrix3x3.inl : warning C4819: 현재 코드 페이지(949)에서 표시할 수 없는 문자가 파일에 들어 있습니다. 데이터가 손실되지 않게 하려면 해당 파일을 유니코드 형식으로 저장하십시오.
c:\users\plus\downloads\assimp-3.1.1-win-binaries\include\assimp\matrix4x4.inl : warning C4819: 현재 코드 페이지(949)에서 표시할 수 없는 문자가 파일에 들어 있습니다. 데이터가 손실되지 않게 하려면 해당 파일을 유니코드 형식으로 저장하십시오.
  mesh.cpp
c:\users\plus\downloads\assimp-3.1.1-win-binaries\include\assimp\defs.h : warning C4819: 현재 코드 페이지(949)에서 표시할 수 없는 문자가 파일에 들어 있습니다. 데이터가 손실되지 않게 하려면 해당 파일을 유니코드 형식으로 저장하십시오.
c:\users\plus\downloads\assimp-3.1.1-win-binaries\include\assimp\matrix3x3.h : warning C4819: 현재 코드 페이지(949)에서 표시할 수 없는 문자가 파일에 들어 있습니다. 데이터가 손실되지 않게 하려면 해당 파일을 유니코드 형식으로 저장하십시오.
c:\users\plus\downloads\assimp-3.1.1-win-binaries\include\assimp\matrix4x4.h : warning C4819: 현재 코드 페이지(949)에서 표시할 수 없는 문자가 파일에 들어 있습니다. 데이터가 손실되지 않게 하려면 해당 파일을 유니코드 형식으로 저장하십시오.
c:\users\plus\downloads\assimp-3.1.1-win-binaries\include\assimp\matrix3x3.inl : warning C4819: 현재 코드 페이지(949)에서 표시할 수 없는 문자가 파일에 들어 있습니다. 데이터가 손실되지 않게 하려면 해당 파일을 유니코드 형식으로 저장하십시오.
c:\users\plus\downloads\assimp-3.1.1-win-binaries\include\assimp\matrix4x4.inl : warning C4819: 현재 코드 페이지(949)에서 표시할 수 없는 문자가 파일에 들어 있습니다. 데이터가 손실되지 않게 하려면 해당 파일을 유니코드 형식으로 저장하십시오.
c:\users\plus\desktop\bincat\cgassn1\cgassn1\mesh.cpp(120): warning C4477: 'printf' : 서식 문자열 '%lld'에 '__int64' 형식의 인수가 필요하지만 variadic 인수 1의 형식이 'const unsigned int'입니다.
  c:\users\plus\desktop\bincat\cgassn1\cgassn1\mesh.cpp(120): note: 서식 문자열에서 '%d'을(를) 사용하는 것이 좋습니다.
  c:\users\plus\desktop\bincat\cgassn1\cgassn1\mesh.cpp(120): note: 서식 문자열에서 '%I32d'을(를) 사용하는 것이 좋습니다.
  player.cpp
c:\users\plus\downloads\assimp-3.1.1-win-binaries\include\assimp\defs.h : warning C4819: 현재 코드 페이지(949)에서 표시할 수 없는 문자가 파일에 들어 있습니다. 데이터가 손실되지 않게 하려면 해당 파일을 유니코드 형식으로 저장하십시오.
c:\users\plus\downloads\assimp-3.1.1-win-binaries\include\assimp\matrix3x3.h : warning C4819: 현재 코드 페이지(949)에서 표시할 수 없는 문자가 파일에 들어 있습니다. 데이터가 손실되지 않게 하려면 해당 파일을 유니코드 형식으로 저장하십시오.
c:\users\plus\downloads\assimp-3.1.1-win-binaries\include\assimp\matrix4x4.h : warning C4819: 현재 코드 페이지(949)에서 표시할 수 없는 문자가 파일에 들어 있습니다. 데이터가 손실되지 않게 하려면 해당 파일을 유니코드 형식으로 저장하십시오.
c:\users\plus\downloads\assimp-3.1.1-win-binaries\include\assimp\matrix3x3.inl : warning C4819: 현재 코드 페이지(949)에서 표시할 수 없는 문자가 파일에 들어 있습니다. 데이터가 손실되지 않게 하려면 해당 파일을 유니코드 형식으로 저장하십시오.
c:\users\plus\downloads\assimp-3.1.1-win-binaries\include\assimp\matrix4x4.inl : warning C4819: 현재 코드 페이지(949)에서 표시할 수 없는 문자가 파일에 들어 있습니다. 데이터가 손실되지 않게 하려면 해당 파일을 유니코드 형식으로 저장하십시오.
  wall.cpp
c:\users\plus\downloads\assimp-3.1.1-win-binaries\include\assimp\defs.h : warning C4819: 현재 코드 페이지(949)에서 표시할 수 없는 문자가 파일에 들어 있습니다. 데이터가 손실되지 않게 하려면 해당 파일을 유니코드 형식으로 저장하십시오.
c:\users\plus\downloads\assimp-3.1.1-win-binaries\include\assimp\matrix3x3.h : warning C4819: 현재 코드 페이지(949)에서 표시할 수 없는 문자가 파일에 들어 있습니다. 데이터가 손실되지 않게 하려면 해당 파일을 유니코드 형식으로 저장하십시오.
c:\users\plus\downloads\assimp-3.1.1-win-binaries\include\assimp\matrix4x4.h : warning C4819: 현재 코드 페이지(949)에서 표시할 수 없는 문자가 파일에 들어 있습니다. 데이터가 손실되지 않게 하려면 해당 파일을 유니코드 형식으로 저장하십시오.
c:\users\plus\downloads\assimp-3.1.1-win-binaries\include\assimp\matrix3x3.inl : warning C4819: 현재 코드 페이지(949)에서 표시할 수 없는 문자가 파일에 들어 있습니다. 데이터가 손실되지 않게 하려면 해당 파일을 유니코드 형식으로 저장하십시오.
c:\users\plus\downloads\assimp-3.1.1-win-binaries\include\assimp\matrix4x4.inl : warning C4819: 현재 코드 페이지(949)에서 표시할 수 없는 문자가 파일에 들어 있습니다. 데이터가 손실되지 않게 하려면 해당 파일을 유니코드 형식으로 저장하십시오.
  코드를 생성하고 있습니다...
  cgassn1.vcxproj -> C:\Users\PLUS\Desktop\bincat\cgassn1\x64\Debug\cgassn1.exe
